<?xml version="1.0" encoding="UTF-8"?>
<!-- Generated by org.testng.reporters.JUnitXMLReporter -->
<testsuite hostname="DESKTOP-VG3VBVK" ignored="1" name="Default test" tests="1" failures="0" timestamp="2023-02-03T14:47:13 IST" time="18.875" errors="0">
  <testcase name="verifyLinks" time="2.704" classname="tests.HomeTest"/>
  <testcase name="verifyAdminButtonNavigatesToAdminPage" time="0.0" classname="tests.HomeTest">
    <ignored/>
  </testcase> <!-- verifyAdminButtonNavigatesToAdminPage -->
</testsuite> <!-- Default test -->
