<?xml version="1.0" encoding="UTF-8"?>
<!-- Generated by org.testng.reporters.JUnitXMLReporter -->
<testsuite hostname="DESKTOP-VG3VBVK" ignored="1" name="chromeTest" tests="6" failures="0" timestamp="2023-02-16T10:15:34 IST" time="49.597" errors="0">
  <testcase name="@BeforeMethod beforeMethod" time="0.001" classname="testbase.TestBase">
    <failure type="java.lang.NullPointerException">
      <![CDATA[java.lang.NullPointerException
at testbase.TestBase.beforeMethod(TestBase.java:53)
at java.util.ArrayList.forEach(Unknown Source)
at java.util.concurrent.FutureTask.run(Unknown Source)
at java.util.concurrent.ThreadPoolExecutor.runWorker(Unknown Source)
at java.util.concurrent.ThreadPoolExecutor$Worker.run(Unknown Source)
at java.lang.Thread.run(Unknown Source)
... Removed 22 stack frames]]>
    </failure>
  </testcase> <!-- @BeforeMethod beforeMethod -->
  <testcase name="@AfterMethod afterMethod" time="-1.676522722147E9" classname="testbase.TestBase">
    <skipped/>
  </testcase> <!-- @AfterMethod afterMethod -->
  <testcase name="@BeforeMethod beforeMethod" time="-1.676522722148E9" classname="testbase.TestBase">
    <skipped/>
  </testcase> <!-- @BeforeMethod beforeMethod -->
  <testcase name="@AfterMethod afterMethod" time="-1.676522722151E9" classname="testbase.TestBase">
    <skipped/>
  </testcase> <!-- @AfterMethod afterMethod -->
  <testcase name="invalidLogin" time="2.147" classname="tests.LoginTest"/>
  <testcase name="loginTest" time="3.872" classname="tests.LoginTest"/>
  <testcase name="redirectToResetPasswordPageLinkPresent" time="0.031" classname="tests.LoginTest"/>
  <testcase name="verifyAdminButtonNavigatesToAdminPage" time="0.0" classname="tests.HomeTest">
    <skipped/>
  </testcase> <!-- verifyAdminButtonNavigatesToAdminPage -->
  <testcase name="verifyLinks" time="0.0" classname="tests.HomeTest">
    <skipped/>
  </testcase> <!-- verifyLinks -->
  <testcase name="navigateToResetPassword" time="3.122" classname="tests.LoginTest"/>
  <testcase name="@BeforeTest beforeTest" time="0.0" classname="testbase.TestBase">
    <ignored/>
  </testcase> <!-- @BeforeTest beforeTest -->
</testsuite> <!-- chromeTest -->
