<?xml version="1.0" encoding="UTF-8"?>
<!-- Generated by org.testng.reporters.JUnitXMLReporter -->
<testsuite hostname="DESKTOP-VG3VBVK" ignored="0" name="FirefoxTest" tests="6" failures="0" timestamp="2023-02-13T17:07:01 IST" time="30.153" errors="0">
  <testcase name="test1" time="5.01" classname="tests.TestClass1"/>
  <testcase name="test2" time="5.005" classname="tests.TestClass1"/>
  <testcase name="test3" time="5.015" classname="tests.TestClass1"/>
  <testcase name="test1" time="5.009" classname="tests.TestClass2"/>
  <testcase name="test2" time="5.008" classname="tests.TestClass2"/>
  <testcase name="test3" time="5.013" classname="tests.TestClass2"/>
</testsuite> <!-- FirefoxTest -->
