<?xml version="1.0" encoding="UTF-8"?>
<!-- Generated by org.testng.reporters.JUnitXMLReporter -->
<testsuite hostname="DESKTOP-VG3VBVK" ignored="0" name="Test1" tests="12" failures="0" timestamp="2023-02-08T14:55:55 IST" time="30.119" errors="0">
  <testcase name="test1" time="5.014" classname="tests.TestClass1"/>
  <testcase name="test1" time="5.014" classname="tests.TestClass1"/>
  <testcase name="test2" time="5.008" classname="tests.TestClass1"/>
  <testcase name="test2" time="5.008" classname="tests.TestClass1"/>
  <testcase name="test3" time="5.014" classname="tests.TestClass1"/>
  <testcase name="test3" time="5.01" classname="tests.TestClass1"/>
  <testcase name="test1" time="5.017" classname="tests.TestClass2"/>
  <testcase name="test1" time="5.016" classname="tests.TestClass2"/>
  <testcase name="test2" time="5.008" classname="tests.TestClass2"/>
  <testcase name="test2" time="5.004" classname="tests.TestClass2"/>
  <testcase name="test3" time="5.014" classname="tests.TestClass2"/>
  <testcase name="test3" time="5.013" classname="tests.TestClass2"/>
</testsuite> <!-- Test1 -->
