<?xml version="1.0" encoding="UTF-8"?>
<testsuite xmlns:xsi="http://www.w3.org/2001/XMLSchema-instance" xsi:noNamespaceSchemaLocation="https://maven.apache.org/surefire/maven-surefire-plugin/xsd/surefire-test-report.xsd" name="TestSuite" time="166.685" tests="4" errors="0" skipped="0" failures="2">
  <properties>
[...]
</properties>
  <testcase name="invalidLogin" classname="tests.LoginTest" time="2.314">
    <failure message="expected [Invalid credentials1] but found [Invalid credentials]" type="java.lang.AssertionError">java.lang.AssertionError: expected [Invalid credentials1] but found [Invalid credentials]
	at tests.LoginTest.invalidLogin(LoginTest.java:42)
</failure>
    <system-out><![CDATA[onStart
C:\Users\DELL\Downloads\newworkspace_TestNG\myfirstmavenproject\src\main\java\config\config_UAT.properties
02-06-2023 16:22:30 TestBase.java INFO  [main] testbase.TestBase 49 - ---------------------------------Execution started for Testcase invalidLogin---------------------
02-06-2023 16:22:30 DriverFactory.java INFO  [main] driverfactory.DriverFactory 22 - inside init_driver, browser :Edge
OnTestStart
02-06-2023 16:23:03 ElementUtils.java INFO  [main] util.ElementUtils 82 - Inside doclick Method
02-06-2023 16:23:03 ElementUtils.java INFO  [main] util.ElementUtils 83 - Locator :By.name: username
02-06-2023 16:23:04 ElementUtils.java INFO  [main] util.ElementUtils 89 - Text Entered successfully
02-06-2023 16:23:04 ElementUtils.java INFO  [main] util.ElementUtils 82 - Inside doclick Method
02-06-2023 16:23:04 ElementUtils.java INFO  [main] util.ElementUtils 83 - Locator :By.name: password
02-06-2023 16:23:04 ElementUtils.java INFO  [main] util.ElementUtils 89 - Text Entered successfully
02-06-2023 16:23:04 ElementUtils.java INFO  [main] util.ElementUtils 24 - Inside doclick Method
02-06-2023 16:23:04 ElementUtils.java INFO  [main] util.ElementUtils 25 - Locator :By.className: orangehrm-login-button
beforeClick
afterClick
02-06-2023 16:23:04 ElementUtils.java INFO  [main] util.ElementUtils 31 - click successful
Inside isElementPresent Method
Locator :By.className: oxd-alert-content-text
02-06-2023 16:23:06 ElementUtils.java INFO  [main] util.ElementUtils 110 - Element is Present within 10
]]></system-out>
    <system-err><![CDATA[SLF4J: No SLF4J providers were found.
SLF4J: Defaulting to no-operation (NOP) logger implementation
SLF4J: See https://www.slf4j.org/codes.html#noProviders for further details.
Starting Microsoft Edge WebDriver 109.0.1518.78 (4e4b32c3816309813328e94787b814590ac1116d) on port 37765
To submit feedback, report a bug, or suggest new features, please visit https://github.com/MicrosoftEdge/EdgeWebDriver

Only local connections are allowed.
Please see https://aka.ms/WebDriverSecurity for suggestions on keeping Microsoft Edge WebDriver safe.

Microsoft Edge WebDriver was started successfully.
Feb 06, 2023 4:22:33 PM org.openqa.selenium.remote.ProtocolHandshake createSession
INFO: Detected dialect: W3C
]]></system-err>
  </testcase>
  <testcase name="loginTest" classname="tests.LoginTest" time="2.148">
    <failure message="expected [Yamini Kondapalli11] but found [Dumbosam Collingsmohan]" type="java.lang.AssertionError">java.lang.AssertionError: expected [Yamini Kondapalli11] but found [Dumbosam Collingsmohan]
	at tests.LoginTest.loginTest(LoginTest.java:29)
</failure>
    <system-out><![CDATA[onTestFailure
C:\Users\DELL\Downloads\newworkspace_TestNG\myfirstmavenproject\screenshots\invalidLogin.jpg
02-06-2023 16:23:07 TestBase.java INFO  [main] testbase.TestBase 49 - ---------------------------------Execution started for Testcase loginTest---------------------
02-06-2023 16:23:07 DriverFactory.java INFO  [main] driverfactory.DriverFactory 22 - inside init_driver, browser :Edge
OnTestStart
02-06-2023 16:23:27 ElementUtils.java INFO  [main] util.ElementUtils 82 - Inside doclick Method
02-06-2023 16:23:27 ElementUtils.java INFO  [main] util.ElementUtils 83 - Locator :By.name: username
02-06-2023 16:23:27 ElementUtils.java INFO  [main] util.ElementUtils 89 - Text Entered successfully
02-06-2023 16:23:27 ElementUtils.java INFO  [main] util.ElementUtils 82 - Inside doclick Method
02-06-2023 16:23:27 ElementUtils.java INFO  [main] util.ElementUtils 83 - Locator :By.name: password
02-06-2023 16:23:28 ElementUtils.java INFO  [main] util.ElementUtils 89 - Text Entered successfully
02-06-2023 16:23:28 ElementUtils.java INFO  [main] util.ElementUtils 24 - Inside doclick Method
02-06-2023 16:23:28 ElementUtils.java INFO  [main] util.ElementUtils 25 - Locator :By.className: orangehrm-login-button
beforeClick
afterClick
02-06-2023 16:23:28 ElementUtils.java INFO  [main] util.ElementUtils 31 - click successful
Inside isElementPresent Method
Locator :By.className: oxd-userdropdown-name
02-06-2023 16:23:29 ElementUtils.java INFO  [main] util.ElementUtils 110 - Element is Present within 15
]]></system-out>
    <system-err><![CDATA[Starting Microsoft Edge WebDriver 109.0.1518.78 (4e4b32c3816309813328e94787b814590ac1116d) on port 46365
To submit feedback, report a bug, or suggest new features, please visit https://github.com/MicrosoftEdge/EdgeWebDriver

Only local connections are allowed.
Please see https://aka.ms/WebDriverSecurity for suggestions on keeping Microsoft Edge WebDriver safe.

Microsoft Edge WebDriver was started successfully.
Feb 06, 2023 4:23:10 PM org.openqa.selenium.remote.ProtocolHandshake createSession
INFO: Detected dialect: W3C
]]></system-err>
  </testcase>
  <testcase name="redirectToResetPasswordPageLinkPresent" classname="tests.LoginTest" time="0.036"/>
  <testcase name="navigateToResetPassword" classname="tests.LoginTest" time="2.633"/>
</testsuite>